Copyright 1986-2016 Xilinx, Inc. All Rights Reserved.
------------------------------------------------------------------------------------
| Tool Version : Vivado v.2016.2 (lin64) Build 1577090 Thu Jun  2 16:32:35 MDT 2016
| Date         : Thu Feb 23 18:25:50 2017
| Host         : pc574s.cs.york.ac.uk running 64-bit Ubuntu 16.04.2 LTS
| Command      : report_drc -file vivado_wrapper_drc_opted.rpt
| Design       : vivado_wrapper
| Device       : xc7z045ffg900-2
| Speed File   : -2
------------------------------------------------------------------------------------

Report DRC

Table of Contents
-----------------
1. REPORT SUMMARY
2. REPORT DETAILS

1. REPORT SUMMARY
-----------------
            Netlist: netlist
          Floorplan: design_1
      Design limits: <entire design considered>
           Ruledeck: default
             Max violations: <unlimited>
             Violations found: 67

2. REPORT DETAILS
-----------------
DPOP-1#1 Warning
PREG Output pipelining  
DSP vivado_i/toplevel_0/inst/grp_toplevel_matrix_multiply_default_1_fu_644/toplevel_mul_36s_36s_72_7_U9/toplevel_mul_36s_36s_72_7_MulnS_0_U/buff0_reg output vivado_i/toplevel_0/inst/grp_toplevel_matrix_multiply_default_1_fu_644/toplevel_mul_36s_36s_72_7_U9/toplevel_mul_36s_36s_72_7_MulnS_0_U/buff0_reg/P[47:0] is not pipelined (PREG=0). Pipelining the DSP48 output will improve performance and often saves power so it is suggested whenever possible to fully pipeline this function.  If this DSP48 function was inferred, it is suggested to describe an additional register stage after this function.  If the DSP48 was instantiated in the design, it is suggested to set the PREG attribute to 1.
Related violations: <none>

DPOP-1#2 Warning
PREG Output pipelining  
DSP vivado_i/toplevel_0/inst/grp_toplevel_matrix_multiply_default_fu_634/toplevel_mul_36s_36s_72_7_U5/toplevel_mul_36s_36s_72_7_MulnS_0_U/buff0_reg output vivado_i/toplevel_0/inst/grp_toplevel_matrix_multiply_default_fu_634/toplevel_mul_36s_36s_72_7_U5/toplevel_mul_36s_36s_72_7_MulnS_0_U/buff0_reg/P[47:0] is not pipelined (PREG=0). Pipelining the DSP48 output will improve performance and often saves power so it is suggested whenever possible to fully pipeline this function.  If this DSP48 function was inferred, it is suggested to describe an additional register stage after this function.  If the DSP48 was instantiated in the design, it is suggested to set the PREG attribute to 1.
Related violations: <none>

DPOP-1#3 Warning
PREG Output pipelining  
DSP vivado_i/toplevel_0/inst/toplevel_mul_30s_32s_36_6_U23/toplevel_mul_30s_32s_36_6_MulnS_3_U/tmp_product output vivado_i/toplevel_0/inst/toplevel_mul_30s_32s_36_6_U23/toplevel_mul_30s_32s_36_6_MulnS_3_U/tmp_product/P[47:0] is not pipelined (PREG=0). Pipelining the DSP48 output will improve performance and often saves power so it is suggested whenever possible to fully pipeline this function.  If this DSP48 function was inferred, it is suggested to describe an additional register stage after this function.  If the DSP48 was instantiated in the design, it is suggested to set the PREG attribute to 1.
Related violations: <none>

DPOP-1#4 Warning
PREG Output pipelining  
DSP vivado_i/toplevel_0/inst/toplevel_mul_33s_33s_66_6_U20/toplevel_mul_33s_33s_66_6_MulnS_1_U/buff0_reg output vivado_i/toplevel_0/inst/toplevel_mul_33s_33s_66_6_U20/toplevel_mul_33s_33s_66_6_MulnS_1_U/buff0_reg/P[47:0] is not pipelined (PREG=0). Pipelining the DSP48 output will improve performance and often saves power so it is suggested whenever possible to fully pipeline this function.  If this DSP48 function was inferred, it is suggested to describe an additional register stage after this function.  If the DSP48 was instantiated in the design, it is suggested to set the PREG attribute to 1.
Related violations: <none>

DPOP-1#5 Warning
PREG Output pipelining  
DSP vivado_i/toplevel_0/inst/toplevel_mul_33s_33s_66_6_U21/toplevel_mul_33s_33s_66_6_MulnS_1_U/buff0_reg output vivado_i/toplevel_0/inst/toplevel_mul_33s_33s_66_6_U21/toplevel_mul_33s_33s_66_6_MulnS_1_U/buff0_reg/P[47:0] is not pipelined (PREG=0). Pipelining the DSP48 output will improve performance and often saves power so it is suggested whenever possible to fully pipeline this function.  If this DSP48 function was inferred, it is suggested to describe an additional register stage after this function.  If the DSP48 was instantiated in the design, it is suggested to set the PREG attribute to 1.
Related violations: <none>

DPOP-1#6 Warning
PREG Output pipelining  
DSP vivado_i/toplevel_0/inst/toplevel_mul_64ns_62s_125_18_U22/toplevel_mul_64ns_62s_125_18_MulnS_2_U/buff0_reg output vivado_i/toplevel_0/inst/toplevel_mul_64ns_62s_125_18_U22/toplevel_mul_64ns_62s_125_18_MulnS_2_U/buff0_reg/P[47:0] is not pipelined (PREG=0). Pipelining the DSP48 output will improve performance and often saves power so it is suggested whenever possible to fully pipeline this function.  If this DSP48 function was inferred, it is suggested to describe an additional register stage after this function.  If the DSP48 was instantiated in the design, it is suggested to set the PREG attribute to 1.
Related violations: <none>

PLIO-7#1 Warning
Placement Constraints Check for IO constraints  
An IO Bus FIXED_IO_mio[53:0] with more than one IO standard is found. Components associated with this bus are: HSTL_I_18 (FIXED_IO_mio[27], FIXED_IO_mio[26], FIXED_IO_mio[25], FIXED_IO_mio[24], FIXED_IO_mio[23], FIXED_IO_mio[22], FIXED_IO_mio[21], FIXED_IO_mio[20], FIXED_IO_mio[19], FIXED_IO_mio[18], FIXED_IO_mio[17], FIXED_IO_mio[16]); LVCMOS18 (FIXED_IO_mio[53], FIXED_IO_mio[52], FIXED_IO_mio[51], FIXED_IO_mio[50], FIXED_IO_mio[49], FIXED_IO_mio[48], FIXED_IO_mio[47], FIXED_IO_mio[46], FIXED_IO_mio[45], FIXED_IO_mio[44], FIXED_IO_mio[43], FIXED_IO_mio[42], FIXED_IO_mio[41], FIXED_IO_mio[40], FIXED_IO_mio[39] (the first 15 of 26 listed)); LVCMOS33 (FIXED_IO_mio[15], FIXED_IO_mio[14], FIXED_IO_mio[13], FIXED_IO_mio[12], FIXED_IO_mio[11], FIXED_IO_mio[10], FIXED_IO_mio[9], FIXED_IO_mio[8], FIXED_IO_mio[7], FIXED_IO_mio[6], FIXED_IO_mio[5], FIXED_IO_mio[4], FIXED_IO_mio[3], FIXED_IO_mio[2], FIXED_IO_mio[1] (the first 15 of 16 listed)); 
Related violations: <none>

REQP-1840#1 Warning
RAMB18 async control check  
The RAMB18E1 vivado_i/toplevel_0/inst/toplevel_ocm_m_axi_U/bus_read/buff_rdata/mem_reg has an input control pin vivado_i/toplevel_0/inst/toplevel_ocm_m_axi_U/bus_read/buff_rdata/mem_reg/WEBWE[0] (net: vivado_i/toplevel_0/inst/toplevel_ocm_m_axi_U/bus_read/buff_rdata/m_axi_ocm_RVALID) which is driven by a register (vivado_i/axi_mem_intercon/s00_couplers/auto_pc/inst/gen_axi4_axi3.axi3_conv_inst/USE_READ.USE_SPLIT_R.read_addr_inst/USE_R_CHANNEL.cmd_queue/inst/fifo_gen_inst/inst_fifo_gen/gconvfifo.rf/grf.rf/gntv_or_sync_fifo.gl0.rd/gr1.gr1_int.rfwft/empty_fwft_i_reg) that has an active asychronous set or reset. This may cause corruption of the memory contents and/or read values when the set/reset is asserted and is not analyzed by the default static timing analysis. It is suggested to eliminate the use of a set/reset to registers driving this RAMB pin or else use a synchronous reset in which the assertion of the reset is timed by default.
Related violations: <none>

REQP-1840#2 Warning
RAMB18 async control check  
The RAMB18E1 vivado_i/toplevel_0/inst/toplevel_ocm_m_axi_U/bus_read/buff_rdata/mem_reg has an input control pin vivado_i/toplevel_0/inst/toplevel_ocm_m_axi_U/bus_read/buff_rdata/mem_reg/WEBWE[0] (net: vivado_i/toplevel_0/inst/toplevel_ocm_m_axi_U/bus_read/buff_rdata/m_axi_ocm_RVALID) which is driven by a register (vivado_i/axi_mem_intercon/s00_couplers/auto_pc/inst/gen_axi4_axi3.axi3_conv_inst/USE_READ.USE_SPLIT_R.read_addr_inst/USE_R_CHANNEL.cmd_queue/inst/fifo_gen_inst/inst_fifo_gen/gconvfifo.rf/grf.rf/gntv_or_sync_fifo.gl0.wr/gwss.wsts/ram_full_i_reg) that has an active asychronous set or reset. This may cause corruption of the memory contents and/or read values when the set/reset is asserted and is not analyzed by the default static timing analysis. It is suggested to eliminate the use of a set/reset to registers driving this RAMB pin or else use a synchronous reset in which the assertion of the reset is timed by default.
Related violations: <none>

REQP-1840#3 Warning
RAMB18 async control check  
The RAMB18E1 vivado_i/toplevel_0/inst/toplevel_ocm_m_axi_U/bus_read/buff_rdata/mem_reg has an input control pin vivado_i/toplevel_0/inst/toplevel_ocm_m_axi_U/bus_read/buff_rdata/mem_reg/WEBWE[0] (net: vivado_i/toplevel_0/inst/toplevel_ocm_m_axi_U/bus_read/buff_rdata/m_axi_ocm_RVALID) which is driven by a register (vivado_i/axi_mem_intercon/s00_couplers/auto_pc/inst/gen_axi4_axi3.axi3_conv_inst/USE_WRITE.write_addr_inst/USE_BURSTS.cmd_queue/inst/fifo_gen_inst/inst_fifo_gen/gconvfifo.rf/grf.rf/gntv_or_sync_fifo.gl0.rd/gr1.gr1_int.rfwft/empty_fwft_i_reg) that has an active asychronous set or reset. This may cause corruption of the memory contents and/or read values when the set/reset is asserted and is not analyzed by the default static timing analysis. It is suggested to eliminate the use of a set/reset to registers driving this RAMB pin or else use a synchronous reset in which the assertion of the reset is timed by default.
Related violations: <none>

REQP-1840#4 Warning
RAMB18 async control check  
The RAMB18E1 vivado_i/toplevel_0/inst/toplevel_ocm_m_axi_U/bus_read/buff_rdata/mem_reg has an input control pin vivado_i/toplevel_0/inst/toplevel_ocm_m_axi_U/bus_read/buff_rdata/mem_reg/WEBWE[0] (net: vivado_i/toplevel_0/inst/toplevel_ocm_m_axi_U/bus_read/buff_rdata/m_axi_ocm_RVALID) which is driven by a register (vivado_i/axi_mem_intercon/s00_couplers/auto_pc/inst/gen_axi4_axi3.axi3_conv_inst/USE_WRITE.write_addr_inst/USE_BURSTS.cmd_queue/inst/fifo_gen_inst/inst_fifo_gen/gconvfifo.rf/grf.rf/gntv_or_sync_fifo.gl0.wr/gwss.wsts/ram_full_i_reg) that has an active asychronous set or reset. This may cause corruption of the memory contents and/or read values when the set/reset is asserted and is not analyzed by the default static timing analysis. It is suggested to eliminate the use of a set/reset to registers driving this RAMB pin or else use a synchronous reset in which the assertion of the reset is timed by default.
Related violations: <none>

REQP-1840#5 Warning
RAMB18 async control check  
The RAMB18E1 vivado_i/toplevel_0/inst/toplevel_ocm_m_axi_U/bus_read/buff_rdata/mem_reg has an input control pin vivado_i/toplevel_0/inst/toplevel_ocm_m_axi_U/bus_read/buff_rdata/mem_reg/WEBWE[0] (net: vivado_i/toplevel_0/inst/toplevel_ocm_m_axi_U/bus_read/buff_rdata/m_axi_ocm_RVALID) which is driven by a register (vivado_i/axi_mem_intercon/s00_couplers/auto_pc/inst/gen_axi4_axi3.axi3_conv_inst/USE_WRITE.write_addr_inst/USE_B_CHANNEL.cmd_b_queue/inst/fifo_gen_inst/inst_fifo_gen/gconvfifo.rf/grf.rf/gntv_or_sync_fifo.gl0.wr/gwss.wsts/ram_full_i_reg) that has an active asychronous set or reset. This may cause corruption of the memory contents and/or read values when the set/reset is asserted and is not analyzed by the default static timing analysis. It is suggested to eliminate the use of a set/reset to registers driving this RAMB pin or else use a synchronous reset in which the assertion of the reset is timed by default.
Related violations: <none>

REQP-1840#6 Warning
RAMB18 async control check  
The RAMB18E1 vivado_i/toplevel_0/inst/toplevel_ocm_m_axi_U/bus_read/buff_rdata/mem_reg has an input control pin vivado_i/toplevel_0/inst/toplevel_ocm_m_axi_U/bus_read/buff_rdata/mem_reg/WEBWE[1] (net: vivado_i/toplevel_0/inst/toplevel_ocm_m_axi_U/bus_read/buff_rdata/m_axi_ocm_RVALID) which is driven by a register (vivado_i/axi_mem_intercon/s00_couplers/auto_pc/inst/gen_axi4_axi3.axi3_conv_inst/USE_READ.USE_SPLIT_R.read_addr_inst/USE_R_CHANNEL.cmd_queue/inst/fifo_gen_inst/inst_fifo_gen/gconvfifo.rf/grf.rf/gntv_or_sync_fifo.gl0.rd/gr1.gr1_int.rfwft/empty_fwft_i_reg) that has an active asychronous set or reset. This may cause corruption of the memory contents and/or read values when the set/reset is asserted and is not analyzed by the default static timing analysis. It is suggested to eliminate the use of a set/reset to registers driving this RAMB pin or else use a synchronous reset in which the assertion of the reset is timed by default.
Related violations: <none>

REQP-1840#7 Warning
RAMB18 async control check  
The RAMB18E1 vivado_i/toplevel_0/inst/toplevel_ocm_m_axi_U/bus_read/buff_rdata/mem_reg has an input control pin vivado_i/toplevel_0/inst/toplevel_ocm_m_axi_U/bus_read/buff_rdata/mem_reg/WEBWE[1] (net: vivado_i/toplevel_0/inst/toplevel_ocm_m_axi_U/bus_read/buff_rdata/m_axi_ocm_RVALID) which is driven by a register (vivado_i/axi_mem_intercon/s00_couplers/auto_pc/inst/gen_axi4_axi3.axi3_conv_inst/USE_READ.USE_SPLIT_R.read_addr_inst/USE_R_CHANNEL.cmd_queue/inst/fifo_gen_inst/inst_fifo_gen/gconvfifo.rf/grf.rf/gntv_or_sync_fifo.gl0.wr/gwss.wsts/ram_full_i_reg) that has an active asychronous set or reset. This may cause corruption of the memory contents and/or read values when the set/reset is asserted and is not analyzed by the default static timing analysis. It is suggested to eliminate the use of a set/reset to registers driving this RAMB pin or else use a synchronous reset in which the assertion of the reset is timed by default.
Related violations: <none>

REQP-1840#8 Warning
RAMB18 async control check  
The RAMB18E1 vivado_i/toplevel_0/inst/toplevel_ocm_m_axi_U/bus_read/buff_rdata/mem_reg has an input control pin vivado_i/toplevel_0/inst/toplevel_ocm_m_axi_U/bus_read/buff_rdata/mem_reg/WEBWE[1] (net: vivado_i/toplevel_0/inst/toplevel_ocm_m_axi_U/bus_read/buff_rdata/m_axi_ocm_RVALID) which is driven by a register (vivado_i/axi_mem_intercon/s00_couplers/auto_pc/inst/gen_axi4_axi3.axi3_conv_inst/USE_WRITE.write_addr_inst/USE_BURSTS.cmd_queue/inst/fifo_gen_inst/inst_fifo_gen/gconvfifo.rf/grf.rf/gntv_or_sync_fifo.gl0.rd/gr1.gr1_int.rfwft/empty_fwft_i_reg) that has an active asychronous set or reset. This may cause corruption of the memory contents and/or read values when the set/reset is asserted and is not analyzed by the default static timing analysis. It is suggested to eliminate the use of a set/reset to registers driving this RAMB pin or else use a synchronous reset in which the assertion of the reset is timed by default.
Related violations: <none>

REQP-1840#9 Warning
RAMB18 async control check  
The RAMB18E1 vivado_i/toplevel_0/inst/toplevel_ocm_m_axi_U/bus_read/buff_rdata/mem_reg has an input control pin vivado_i/toplevel_0/inst/toplevel_ocm_m_axi_U/bus_read/buff_rdata/mem_reg/WEBWE[1] (net: vivado_i/toplevel_0/inst/toplevel_ocm_m_axi_U/bus_read/buff_rdata/m_axi_ocm_RVALID) which is driven by a register (vivado_i/axi_mem_intercon/s00_couplers/auto_pc/inst/gen_axi4_axi3.axi3_conv_inst/USE_WRITE.write_addr_inst/USE_BURSTS.cmd_queue/inst/fifo_gen_inst/inst_fifo_gen/gconvfifo.rf/grf.rf/gntv_or_sync_fifo.gl0.wr/gwss.wsts/ram_full_i_reg) that has an active asychronous set or reset. This may cause corruption of the memory contents and/or read values when the set/reset is asserted and is not analyzed by the default static timing analysis. It is suggested to eliminate the use of a set/reset to registers driving this RAMB pin or else use a synchronous reset in which the assertion of the reset is timed by default.
Related violations: <none>

REQP-1840#10 Warning
RAMB18 async control check  
The RAMB18E1 vivado_i/toplevel_0/inst/toplevel_ocm_m_axi_U/bus_read/buff_rdata/mem_reg has an input control pin vivado_i/toplevel_0/inst/toplevel_ocm_m_axi_U/bus_read/buff_rdata/mem_reg/WEBWE[1] (net: vivado_i/toplevel_0/inst/toplevel_ocm_m_axi_U/bus_read/buff_rdata/m_axi_ocm_RVALID) which is driven by a register (vivado_i/axi_mem_intercon/s00_couplers/auto_pc/inst/gen_axi4_axi3.axi3_conv_inst/USE_WRITE.write_addr_inst/USE_B_CHANNEL.cmd_b_queue/inst/fifo_gen_inst/inst_fifo_gen/gconvfifo.rf/grf.rf/gntv_or_sync_fifo.gl0.wr/gwss.wsts/ram_full_i_reg) that has an active asychronous set or reset. This may cause corruption of the memory contents and/or read values when the set/reset is asserted and is not analyzed by the default static timing analysis. It is suggested to eliminate the use of a set/reset to registers driving this RAMB pin or else use a synchronous reset in which the assertion of the reset is timed by default.
Related violations: <none>

REQP-1840#11 Warning
RAMB18 async control check  
The RAMB18E1 vivado_i/toplevel_0/inst/toplevel_ocm_m_axi_U/bus_read/buff_rdata/mem_reg has an input control pin vivado_i/toplevel_0/inst/toplevel_ocm_m_axi_U/bus_read/buff_rdata/mem_reg/WEBWE[2] (net: vivado_i/toplevel_0/inst/toplevel_ocm_m_axi_U/bus_read/buff_rdata/m_axi_ocm_RVALID) which is driven by a register (vivado_i/axi_mem_intercon/s00_couplers/auto_pc/inst/gen_axi4_axi3.axi3_conv_inst/USE_READ.USE_SPLIT_R.read_addr_inst/USE_R_CHANNEL.cmd_queue/inst/fifo_gen_inst/inst_fifo_gen/gconvfifo.rf/grf.rf/gntv_or_sync_fifo.gl0.rd/gr1.gr1_int.rfwft/empty_fwft_i_reg) that has an active asychronous set or reset. This may cause corruption of the memory contents and/or read values when the set/reset is asserted and is not analyzed by the default static timing analysis. It is suggested to eliminate the use of a set/reset to registers driving this RAMB pin or else use a synchronous reset in which the assertion of the reset is timed by default.
Related violations: <none>

REQP-1840#12 Warning
RAMB18 async control check  
The RAMB18E1 vivado_i/toplevel_0/inst/toplevel_ocm_m_axi_U/bus_read/buff_rdata/mem_reg has an input control pin vivado_i/toplevel_0/inst/toplevel_ocm_m_axi_U/bus_read/buff_rdata/mem_reg/WEBWE[2] (net: vivado_i/toplevel_0/inst/toplevel_ocm_m_axi_U/bus_read/buff_rdata/m_axi_ocm_RVALID) which is driven by a register (vivado_i/axi_mem_intercon/s00_couplers/auto_pc/inst/gen_axi4_axi3.axi3_conv_inst/USE_READ.USE_SPLIT_R.read_addr_inst/USE_R_CHANNEL.cmd_queue/inst/fifo_gen_inst/inst_fifo_gen/gconvfifo.rf/grf.rf/gntv_or_sync_fifo.gl0.wr/gwss.wsts/ram_full_i_reg) that has an active asychronous set or reset. This may cause corruption of the memory contents and/or read values when the set/reset is asserted and is not analyzed by the default static timing analysis. It is suggested to eliminate the use of a set/reset to registers driving this RAMB pin or else use a synchronous reset in which the assertion of the reset is timed by default.
Related violations: <none>

REQP-1840#13 Warning
RAMB18 async control check  
The RAMB18E1 vivado_i/toplevel_0/inst/toplevel_ocm_m_axi_U/bus_read/buff_rdata/mem_reg has an input control pin vivado_i/toplevel_0/inst/toplevel_ocm_m_axi_U/bus_read/buff_rdata/mem_reg/WEBWE[2] (net: vivado_i/toplevel_0/inst/toplevel_ocm_m_axi_U/bus_read/buff_rdata/m_axi_ocm_RVALID) which is driven by a register (vivado_i/axi_mem_intercon/s00_couplers/auto_pc/inst/gen_axi4_axi3.axi3_conv_inst/USE_WRITE.write_addr_inst/USE_BURSTS.cmd_queue/inst/fifo_gen_inst/inst_fifo_gen/gconvfifo.rf/grf.rf/gntv_or_sync_fifo.gl0.rd/gr1.gr1_int.rfwft/empty_fwft_i_reg) that has an active asychronous set or reset. This may cause corruption of the memory contents and/or read values when the set/reset is asserted and is not analyzed by the default static timing analysis. It is suggested to eliminate the use of a set/reset to registers driving this RAMB pin or else use a synchronous reset in which the assertion of the reset is timed by default.
Related violations: <none>

REQP-1840#14 Warning
RAMB18 async control check  
The RAMB18E1 vivado_i/toplevel_0/inst/toplevel_ocm_m_axi_U/bus_read/buff_rdata/mem_reg has an input control pin vivado_i/toplevel_0/inst/toplevel_ocm_m_axi_U/bus_read/buff_rdata/mem_reg/WEBWE[2] (net: vivado_i/toplevel_0/inst/toplevel_ocm_m_axi_U/bus_read/buff_rdata/m_axi_ocm_RVALID) which is driven by a register (vivado_i/axi_mem_intercon/s00_couplers/auto_pc/inst/gen_axi4_axi3.axi3_conv_inst/USE_WRITE.write_addr_inst/USE_BURSTS.cmd_queue/inst/fifo_gen_inst/inst_fifo_gen/gconvfifo.rf/grf.rf/gntv_or_sync_fifo.gl0.wr/gwss.wsts/ram_full_i_reg) that has an active asychronous set or reset. This may cause corruption of the memory contents and/or read values when the set/reset is asserted and is not analyzed by the default static timing analysis. It is suggested to eliminate the use of a set/reset to registers driving this RAMB pin or else use a synchronous reset in which the assertion of the reset is timed by default.
Related violations: <none>

REQP-1840#15 Warning
RAMB18 async control check  
The RAMB18E1 vivado_i/toplevel_0/inst/toplevel_ocm_m_axi_U/bus_read/buff_rdata/mem_reg has an input control pin vivado_i/toplevel_0/inst/toplevel_ocm_m_axi_U/bus_read/buff_rdata/mem_reg/WEBWE[2] (net: vivado_i/toplevel_0/inst/toplevel_ocm_m_axi_U/bus_read/buff_rdata/m_axi_ocm_RVALID) which is driven by a register (vivado_i/axi_mem_intercon/s00_couplers/auto_pc/inst/gen_axi4_axi3.axi3_conv_inst/USE_WRITE.write_addr_inst/USE_B_CHANNEL.cmd_b_queue/inst/fifo_gen_inst/inst_fifo_gen/gconvfifo.rf/grf.rf/gntv_or_sync_fifo.gl0.wr/gwss.wsts/ram_full_i_reg) that has an active asychronous set or reset. This may cause corruption of the memory contents and/or read values when the set/reset is asserted and is not analyzed by the default static timing analysis. It is suggested to eliminate the use of a set/reset to registers driving this RAMB pin or else use a synchronous reset in which the assertion of the reset is timed by default.
Related violations: <none>

REQP-1840#16 Warning
RAMB18 async control check  
The RAMB18E1 vivado_i/toplevel_0/inst/toplevel_ocm_m_axi_U/bus_read/buff_rdata/mem_reg has an input control pin vivado_i/toplevel_0/inst/toplevel_ocm_m_axi_U/bus_read/buff_rdata/mem_reg/WEBWE[3] (net: vivado_i/toplevel_0/inst/toplevel_ocm_m_axi_U/bus_read/buff_rdata/m_axi_ocm_RVALID) which is driven by a register (vivado_i/axi_mem_intercon/s00_couplers/auto_pc/inst/gen_axi4_axi3.axi3_conv_inst/USE_READ.USE_SPLIT_R.read_addr_inst/USE_R_CHANNEL.cmd_queue/inst/fifo_gen_inst/inst_fifo_gen/gconvfifo.rf/grf.rf/gntv_or_sync_fifo.gl0.rd/gr1.gr1_int.rfwft/empty_fwft_i_reg) that has an active asychronous set or reset. This may cause corruption of the memory contents and/or read values when the set/reset is asserted and is not analyzed by the default static timing analysis. It is suggested to eliminate the use of a set/reset to registers driving this RAMB pin or else use a synchronous reset in which the assertion of the reset is timed by default.
Related violations: <none>

REQP-1840#17 Warning
RAMB18 async control check  
The RAMB18E1 vivado_i/toplevel_0/inst/toplevel_ocm_m_axi_U/bus_read/buff_rdata/mem_reg has an input control pin vivado_i/toplevel_0/inst/toplevel_ocm_m_axi_U/bus_read/buff_rdata/mem_reg/WEBWE[3] (net: vivado_i/toplevel_0/inst/toplevel_ocm_m_axi_U/bus_read/buff_rdata/m_axi_ocm_RVALID) which is driven by a register (vivado_i/axi_mem_intercon/s00_couplers/auto_pc/inst/gen_axi4_axi3.axi3_conv_inst/USE_READ.USE_SPLIT_R.read_addr_inst/USE_R_CHANNEL.cmd_queue/inst/fifo_gen_inst/inst_fifo_gen/gconvfifo.rf/grf.rf/gntv_or_sync_fifo.gl0.wr/gwss.wsts/ram_full_i_reg) that has an active asychronous set or reset. This may cause corruption of the memory contents and/or read values when the set/reset is asserted and is not analyzed by the default static timing analysis. It is suggested to eliminate the use of a set/reset to registers driving this RAMB pin or else use a synchronous reset in which the assertion of the reset is timed by default.
Related violations: <none>

REQP-1840#18 Warning
RAMB18 async control check  
The RAMB18E1 vivado_i/toplevel_0/inst/toplevel_ocm_m_axi_U/bus_read/buff_rdata/mem_reg has an input control pin vivado_i/toplevel_0/inst/toplevel_ocm_m_axi_U/bus_read/buff_rdata/mem_reg/WEBWE[3] (net: vivado_i/toplevel_0/inst/toplevel_ocm_m_axi_U/bus_read/buff_rdata/m_axi_ocm_RVALID) which is driven by a register (vivado_i/axi_mem_intercon/s00_couplers/auto_pc/inst/gen_axi4_axi3.axi3_conv_inst/USE_WRITE.write_addr_inst/USE_BURSTS.cmd_queue/inst/fifo_gen_inst/inst_fifo_gen/gconvfifo.rf/grf.rf/gntv_or_sync_fifo.gl0.rd/gr1.gr1_int.rfwft/empty_fwft_i_reg) that has an active asychronous set or reset. This may cause corruption of the memory contents and/or read values when the set/reset is asserted and is not analyzed by the default static timing analysis. It is suggested to eliminate the use of a set/reset to registers driving this RAMB pin or else use a synchronous reset in which the assertion of the reset is timed by default.
Related violations: <none>

REQP-1840#19 Warning
RAMB18 async control check  
The RAMB18E1 vivado_i/toplevel_0/inst/toplevel_ocm_m_axi_U/bus_read/buff_rdata/mem_reg has an input control pin vivado_i/toplevel_0/inst/toplevel_ocm_m_axi_U/bus_read/buff_rdata/mem_reg/WEBWE[3] (net: vivado_i/toplevel_0/inst/toplevel_ocm_m_axi_U/bus_read/buff_rdata/m_axi_ocm_RVALID) which is driven by a register (vivado_i/axi_mem_intercon/s00_couplers/auto_pc/inst/gen_axi4_axi3.axi3_conv_inst/USE_WRITE.write_addr_inst/USE_BURSTS.cmd_queue/inst/fifo_gen_inst/inst_fifo_gen/gconvfifo.rf/grf.rf/gntv_or_sync_fifo.gl0.wr/gwss.wsts/ram_full_i_reg) that has an active asychronous set or reset. This may cause corruption of the memory contents and/or read values when the set/reset is asserted and is not analyzed by the default static timing analysis. It is suggested to eliminate the use of a set/reset to registers driving this RAMB pin or else use a synchronous reset in which the assertion of the reset is timed by default.
Related violations: <none>

REQP-1840#20 Warning
RAMB18 async control check  
The RAMB18E1 vivado_i/toplevel_0/inst/toplevel_ocm_m_axi_U/bus_read/buff_rdata/mem_reg has an input control pin vivado_i/toplevel_0/inst/toplevel_ocm_m_axi_U/bus_read/buff_rdata/mem_reg/WEBWE[3] (net: vivado_i/toplevel_0/inst/toplevel_ocm_m_axi_U/bus_read/buff_rdata/m_axi_ocm_RVALID) which is driven by a register (vivado_i/axi_mem_intercon/s00_couplers/auto_pc/inst/gen_axi4_axi3.axi3_conv_inst/USE_WRITE.write_addr_inst/USE_B_CHANNEL.cmd_b_queue/inst/fifo_gen_inst/inst_fifo_gen/gconvfifo.rf/grf.rf/gntv_or_sync_fifo.gl0.wr/gwss.wsts/ram_full_i_reg) that has an active asychronous set or reset. This may cause corruption of the memory contents and/or read values when the set/reset is asserted and is not analyzed by the default static timing analysis. It is suggested to eliminate the use of a set/reset to registers driving this RAMB pin or else use a synchronous reset in which the assertion of the reset is timed by default.
Related violations: <none>

REQP-1840#21 Warning
RAMB18 async control check  
The RAMB18E1 vivado_i/toplevel_0/inst/toplevel_ocm_m_axi_U/bus_write/buff_wdata/mem_reg has an input control pin vivado_i/toplevel_0/inst/toplevel_ocm_m_axi_U/bus_write/buff_wdata/mem_reg/ADDRARDADDR[10] (net: vivado_i/toplevel_0/inst/toplevel_ocm_m_axi_U/bus_write/buff_wdata/rnext[5]) which is driven by a register (vivado_i/axi_mem_intercon/s00_couplers/auto_pc/inst/gen_axi4_axi3.axi3_conv_inst/USE_READ.USE_SPLIT_R.read_addr_inst/USE_R_CHANNEL.cmd_queue/inst/fifo_gen_inst/inst_fifo_gen/gconvfifo.rf/grf.rf/gntv_or_sync_fifo.gl0.rd/gr1.gr1_int.rfwft/empty_fwft_i_reg) that has an active asychronous set or reset. This may cause corruption of the memory contents and/or read values when the set/reset is asserted and is not analyzed by the default static timing analysis. It is suggested to eliminate the use of a set/reset to registers driving this RAMB pin or else use a synchronous reset in which the assertion of the reset is timed by default.
Related violations: <none>

REQP-1840#22 Warning
RAMB18 async control check  
The RAMB18E1 vivado_i/toplevel_0/inst/toplevel_ocm_m_axi_U/bus_write/buff_wdata/mem_reg has an input control pin vivado_i/toplevel_0/inst/toplevel_ocm_m_axi_U/bus_write/buff_wdata/mem_reg/ADDRARDADDR[10] (net: vivado_i/toplevel_0/inst/toplevel_ocm_m_axi_U/bus_write/buff_wdata/rnext[5]) which is driven by a register (vivado_i/axi_mem_intercon/s00_couplers/auto_pc/inst/gen_axi4_axi3.axi3_conv_inst/USE_READ.USE_SPLIT_R.read_addr_inst/USE_R_CHANNEL.cmd_queue/inst/fifo_gen_inst/inst_fifo_gen/gconvfifo.rf/grf.rf/gntv_or_sync_fifo.gl0.wr/gwss.wsts/ram_full_i_reg) that has an active asychronous set or reset. This may cause corruption of the memory contents and/or read values when the set/reset is asserted and is not analyzed by the default static timing analysis. It is suggested to eliminate the use of a set/reset to registers driving this RAMB pin or else use a synchronous reset in which the assertion of the reset is timed by default.
Related violations: <none>

REQP-1840#23 Warning
RAMB18 async control check  
The RAMB18E1 vivado_i/toplevel_0/inst/toplevel_ocm_m_axi_U/bus_write/buff_wdata/mem_reg has an input control pin vivado_i/toplevel_0/inst/toplevel_ocm_m_axi_U/bus_write/buff_wdata/mem_reg/ADDRARDADDR[10] (net: vivado_i/toplevel_0/inst/toplevel_ocm_m_axi_U/bus_write/buff_wdata/rnext[5]) which is driven by a register (vivado_i/axi_mem_intercon/s00_couplers/auto_pc/inst/gen_axi4_axi3.axi3_conv_inst/USE_WRITE.write_addr_inst/USE_BURSTS.cmd_queue/inst/fifo_gen_inst/inst_fifo_gen/gconvfifo.rf/grf.rf/gntv_or_sync_fifo.gl0.rd/gr1.gr1_int.rfwft/empty_fwft_i_reg) that has an active asychronous set or reset. This may cause corruption of the memory contents and/or read values when the set/reset is asserted and is not analyzed by the default static timing analysis. It is suggested to eliminate the use of a set/reset to registers driving this RAMB pin or else use a synchronous reset in which the assertion of the reset is timed by default.
Related violations: <none>

REQP-1840#24 Warning
RAMB18 async control check  
The RAMB18E1 vivado_i/toplevel_0/inst/toplevel_ocm_m_axi_U/bus_write/buff_wdata/mem_reg has an input control pin vivado_i/toplevel_0/inst/toplevel_ocm_m_axi_U/bus_write/buff_wdata/mem_reg/ADDRARDADDR[10] (net: vivado_i/toplevel_0/inst/toplevel_ocm_m_axi_U/bus_write/buff_wdata/rnext[5]) which is driven by a register (vivado_i/axi_mem_intercon/s00_couplers/auto_pc/inst/gen_axi4_axi3.axi3_conv_inst/USE_WRITE.write_addr_inst/USE_BURSTS.cmd_queue/inst/fifo_gen_inst/inst_fifo_gen/gconvfifo.rf/grf.rf/gntv_or_sync_fifo.gl0.wr/gwss.wsts/ram_full_i_reg) that has an active asychronous set or reset. This may cause corruption of the memory contents and/or read values when the set/reset is asserted and is not analyzed by the default static timing analysis. It is suggested to eliminate the use of a set/reset to registers driving this RAMB pin or else use a synchronous reset in which the assertion of the reset is timed by default.
Related violations: <none>

REQP-1840#25 Warning
RAMB18 async control check  
The RAMB18E1 vivado_i/toplevel_0/inst/toplevel_ocm_m_axi_U/bus_write/buff_wdata/mem_reg has an input control pin vivado_i/toplevel_0/inst/toplevel_ocm_m_axi_U/bus_write/buff_wdata/mem_reg/ADDRARDADDR[10] (net: vivado_i/toplevel_0/inst/toplevel_ocm_m_axi_U/bus_write/buff_wdata/rnext[5]) which is driven by a register (vivado_i/axi_mem_intercon/s00_couplers/auto_pc/inst/gen_axi4_axi3.axi3_conv_inst/USE_WRITE.write_addr_inst/USE_B_CHANNEL.cmd_b_queue/inst/fifo_gen_inst/inst_fifo_gen/gconvfifo.rf/grf.rf/gntv_or_sync_fifo.gl0.wr/gwss.wsts/ram_full_i_reg) that has an active asychronous set or reset. This may cause corruption of the memory contents and/or read values when the set/reset is asserted and is not analyzed by the default static timing analysis. It is suggested to eliminate the use of a set/reset to registers driving this RAMB pin or else use a synchronous reset in which the assertion of the reset is timed by default.
Related violations: <none>

REQP-1840#26 Warning
RAMB18 async control check  
The RAMB18E1 vivado_i/toplevel_0/inst/toplevel_ocm_m_axi_U/bus_write/buff_wdata/mem_reg has an input control pin vivado_i/toplevel_0/inst/toplevel_ocm_m_axi_U/bus_write/buff_wdata/mem_reg/ADDRARDADDR[11] (net: vivado_i/toplevel_0/inst/toplevel_ocm_m_axi_U/bus_write/buff_wdata/rnext[6]) which is driven by a register (vivado_i/axi_mem_intercon/s00_couplers/auto_pc/inst/gen_axi4_axi3.axi3_conv_inst/USE_READ.USE_SPLIT_R.read_addr_inst/USE_R_CHANNEL.cmd_queue/inst/fifo_gen_inst/inst_fifo_gen/gconvfifo.rf/grf.rf/gntv_or_sync_fifo.gl0.rd/gr1.gr1_int.rfwft/empty_fwft_i_reg) that has an active asychronous set or reset. This may cause corruption of the memory contents and/or read values when the set/reset is asserted and is not analyzed by the default static timing analysis. It is suggested to eliminate the use of a set/reset to registers driving this RAMB pin or else use a synchronous reset in which the assertion of the reset is timed by default.
Related violations: <none>

REQP-1840#27 Warning
RAMB18 async control check  
The RAMB18E1 vivado_i/toplevel_0/inst/toplevel_ocm_m_axi_U/bus_write/buff_wdata/mem_reg has an input control pin vivado_i/toplevel_0/inst/toplevel_ocm_m_axi_U/bus_write/buff_wdata/mem_reg/ADDRARDADDR[11] (net: vivado_i/toplevel_0/inst/toplevel_ocm_m_axi_U/bus_write/buff_wdata/rnext[6]) which is driven by a register (vivado_i/axi_mem_intercon/s00_couplers/auto_pc/inst/gen_axi4_axi3.axi3_conv_inst/USE_READ.USE_SPLIT_R.read_addr_inst/USE_R_CHANNEL.cmd_queue/inst/fifo_gen_inst/inst_fifo_gen/gconvfifo.rf/grf.rf/gntv_or_sync_fifo.gl0.wr/gwss.wsts/ram_full_i_reg) that has an active asychronous set or reset. This may cause corruption of the memory contents and/or read values when the set/reset is asserted and is not analyzed by the default static timing analysis. It is suggested to eliminate the use of a set/reset to registers driving this RAMB pin or else use a synchronous reset in which the assertion of the reset is timed by default.
Related violations: <none>

REQP-1840#28 Warning
RAMB18 async control check  
The RAMB18E1 vivado_i/toplevel_0/inst/toplevel_ocm_m_axi_U/bus_write/buff_wdata/mem_reg has an input control pin vivado_i/toplevel_0/inst/toplevel_ocm_m_axi_U/bus_write/buff_wdata/mem_reg/ADDRARDADDR[11] (net: vivado_i/toplevel_0/inst/toplevel_ocm_m_axi_U/bus_write/buff_wdata/rnext[6]) which is driven by a register (vivado_i/axi_mem_intercon/s00_couplers/auto_pc/inst/gen_axi4_axi3.axi3_conv_inst/USE_WRITE.write_addr_inst/USE_BURSTS.cmd_queue/inst/fifo_gen_inst/inst_fifo_gen/gconvfifo.rf/grf.rf/gntv_or_sync_fifo.gl0.rd/gr1.gr1_int.rfwft/empty_fwft_i_reg) that has an active asychronous set or reset. This may cause corruption of the memory contents and/or read values when the set/reset is asserted and is not analyzed by the default static timing analysis. It is suggested to eliminate the use of a set/reset to registers driving this RAMB pin or else use a synchronous reset in which the assertion of the reset is timed by default.
Related violations: <none>

REQP-1840#29 Warning
RAMB18 async control check  
The RAMB18E1 vivado_i/toplevel_0/inst/toplevel_ocm_m_axi_U/bus_write/buff_wdata/mem_reg has an input control pin vivado_i/toplevel_0/inst/toplevel_ocm_m_axi_U/bus_write/buff_wdata/mem_reg/ADDRARDADDR[11] (net: vivado_i/toplevel_0/inst/toplevel_ocm_m_axi_U/bus_write/buff_wdata/rnext[6]) which is driven by a register (vivado_i/axi_mem_intercon/s00_couplers/auto_pc/inst/gen_axi4_axi3.axi3_conv_inst/USE_WRITE.write_addr_inst/USE_BURSTS.cmd_queue/inst/fifo_gen_inst/inst_fifo_gen/gconvfifo.rf/grf.rf/gntv_or_sync_fifo.gl0.wr/gwss.wsts/ram_full_i_reg) that has an active asychronous set or reset. This may cause corruption of the memory contents and/or read values when the set/reset is asserted and is not analyzed by the default static timing analysis. It is suggested to eliminate the use of a set/reset to registers driving this RAMB pin or else use a synchronous reset in which the assertion of the reset is timed by default.
Related violations: <none>

REQP-1840#30 Warning
RAMB18 async control check  
The RAMB18E1 vivado_i/toplevel_0/inst/toplevel_ocm_m_axi_U/bus_write/buff_wdata/mem_reg has an input control pin vivado_i/toplevel_0/inst/toplevel_ocm_m_axi_U/bus_write/buff_wdata/mem_reg/ADDRARDADDR[11] (net: vivado_i/toplevel_0/inst/toplevel_ocm_m_axi_U/bus_write/buff_wdata/rnext[6]) which is driven by a register (vivado_i/axi_mem_intercon/s00_couplers/auto_pc/inst/gen_axi4_axi3.axi3_conv_inst/USE_WRITE.write_addr_inst/USE_B_CHANNEL.cmd_b_queue/inst/fifo_gen_inst/inst_fifo_gen/gconvfifo.rf/grf.rf/gntv_or_sync_fifo.gl0.wr/gwss.wsts/ram_full_i_reg) that has an active asychronous set or reset. This may cause corruption of the memory contents and/or read values when the set/reset is asserted and is not analyzed by the default static timing analysis. It is suggested to eliminate the use of a set/reset to registers driving this RAMB pin or else use a synchronous reset in which the assertion of the reset is timed by default.
Related violations: <none>

REQP-1840#31 Warning
RAMB18 async control check  
The RAMB18E1 vivado_i/toplevel_0/inst/toplevel_ocm_m_axi_U/bus_write/buff_wdata/mem_reg has an input control pin vivado_i/toplevel_0/inst/toplevel_ocm_m_axi_U/bus_write/buff_wdata/mem_reg/ADDRARDADDR[12] (net: vivado_i/toplevel_0/inst/toplevel_ocm_m_axi_U/bus_write/buff_wdata/rnext[7]) which is driven by a register (vivado_i/axi_mem_intercon/s00_couplers/auto_pc/inst/gen_axi4_axi3.axi3_conv_inst/USE_READ.USE_SPLIT_R.read_addr_inst/USE_R_CHANNEL.cmd_queue/inst/fifo_gen_inst/inst_fifo_gen/gconvfifo.rf/grf.rf/gntv_or_sync_fifo.gl0.rd/gr1.gr1_int.rfwft/empty_fwft_i_reg) that has an active asychronous set or reset. This may cause corruption of the memory contents and/or read values when the set/reset is asserted and is not analyzed by the default static timing analysis. It is suggested to eliminate the use of a set/reset to registers driving this RAMB pin or else use a synchronous reset in which the assertion of the reset is timed by default.
Related violations: <none>

REQP-1840#32 Warning
RAMB18 async control check  
The RAMB18E1 vivado_i/toplevel_0/inst/toplevel_ocm_m_axi_U/bus_write/buff_wdata/mem_reg has an input control pin vivado_i/toplevel_0/inst/toplevel_ocm_m_axi_U/bus_write/buff_wdata/mem_reg/ADDRARDADDR[12] (net: vivado_i/toplevel_0/inst/toplevel_ocm_m_axi_U/bus_write/buff_wdata/rnext[7]) which is driven by a register (vivado_i/axi_mem_intercon/s00_couplers/auto_pc/inst/gen_axi4_axi3.axi3_conv_inst/USE_READ.USE_SPLIT_R.read_addr_inst/USE_R_CHANNEL.cmd_queue/inst/fifo_gen_inst/inst_fifo_gen/gconvfifo.rf/grf.rf/gntv_or_sync_fifo.gl0.wr/gwss.wsts/ram_full_i_reg) that has an active asychronous set or reset. This may cause corruption of the memory contents and/or read values when the set/reset is asserted and is not analyzed by the default static timing analysis. It is suggested to eliminate the use of a set/reset to registers driving this RAMB pin or else use a synchronous reset in which the assertion of the reset is timed by default.
Related violations: <none>

REQP-1840#33 Warning
RAMB18 async control check  
The RAMB18E1 vivado_i/toplevel_0/inst/toplevel_ocm_m_axi_U/bus_write/buff_wdata/mem_reg has an input control pin vivado_i/toplevel_0/inst/toplevel_ocm_m_axi_U/bus_write/buff_wdata/mem_reg/ADDRARDADDR[12] (net: vivado_i/toplevel_0/inst/toplevel_ocm_m_axi_U/bus_write/buff_wdata/rnext[7]) which is driven by a register (vivado_i/axi_mem_intercon/s00_couplers/auto_pc/inst/gen_axi4_axi3.axi3_conv_inst/USE_WRITE.write_addr_inst/USE_BURSTS.cmd_queue/inst/fifo_gen_inst/inst_fifo_gen/gconvfifo.rf/grf.rf/gntv_or_sync_fifo.gl0.rd/gr1.gr1_int.rfwft/empty_fwft_i_reg) that has an active asychronous set or reset. This may cause corruption of the memory contents and/or read values when the set/reset is asserted and is not analyzed by the default static timing analysis. It is suggested to eliminate the use of a set/reset to registers driving this RAMB pin or else use a synchronous reset in which the assertion of the reset is timed by default.
Related violations: <none>

REQP-1840#34 Warning
RAMB18 async control check  
The RAMB18E1 vivado_i/toplevel_0/inst/toplevel_ocm_m_axi_U/bus_write/buff_wdata/mem_reg has an input control pin vivado_i/toplevel_0/inst/toplevel_ocm_m_axi_U/bus_write/buff_wdata/mem_reg/ADDRARDADDR[12] (net: vivado_i/toplevel_0/inst/toplevel_ocm_m_axi_U/bus_write/buff_wdata/rnext[7]) which is driven by a register (vivado_i/axi_mem_intercon/s00_couplers/auto_pc/inst/gen_axi4_axi3.axi3_conv_inst/USE_WRITE.write_addr_inst/USE_BURSTS.cmd_queue/inst/fifo_gen_inst/inst_fifo_gen/gconvfifo.rf/grf.rf/gntv_or_sync_fifo.gl0.wr/gwss.wsts/ram_full_i_reg) that has an active asychronous set or reset. This may cause corruption of the memory contents and/or read values when the set/reset is asserted and is not analyzed by the default static timing analysis. It is suggested to eliminate the use of a set/reset to registers driving this RAMB pin or else use a synchronous reset in which the assertion of the reset is timed by default.
Related violations: <none>

REQP-1840#35 Warning
RAMB18 async control check  
The RAMB18E1 vivado_i/toplevel_0/inst/toplevel_ocm_m_axi_U/bus_write/buff_wdata/mem_reg has an input control pin vivado_i/toplevel_0/inst/toplevel_ocm_m_axi_U/bus_write/buff_wdata/mem_reg/ADDRARDADDR[12] (net: vivado_i/toplevel_0/inst/toplevel_ocm_m_axi_U/bus_write/buff_wdata/rnext[7]) which is driven by a register (vivado_i/axi_mem_intercon/s00_couplers/auto_pc/inst/gen_axi4_axi3.axi3_conv_inst/USE_WRITE.write_addr_inst/USE_B_CHANNEL.cmd_b_queue/inst/fifo_gen_inst/inst_fifo_gen/gconvfifo.rf/grf.rf/gntv_or_sync_fifo.gl0.wr/gwss.wsts/ram_full_i_reg) that has an active asychronous set or reset. This may cause corruption of the memory contents and/or read values when the set/reset is asserted and is not analyzed by the default static timing analysis. It is suggested to eliminate the use of a set/reset to registers driving this RAMB pin or else use a synchronous reset in which the assertion of the reset is timed by default.
Related violations: <none>

REQP-1840#36 Warning
RAMB18 async control check  
The RAMB18E1 vivado_i/toplevel_0/inst/toplevel_ocm_m_axi_U/bus_write/buff_wdata/mem_reg has an input control pin vivado_i/toplevel_0/inst/toplevel_ocm_m_axi_U/bus_write/buff_wdata/mem_reg/ADDRARDADDR[5] (net: vivado_i/toplevel_0/inst/toplevel_ocm_m_axi_U/bus_write/buff_wdata/mem_reg_i_8__0_n_3) which is driven by a register (vivado_i/axi_mem_intercon/s00_couplers/auto_pc/inst/gen_axi4_axi3.axi3_conv_inst/USE_READ.USE_SPLIT_R.read_addr_inst/USE_R_CHANNEL.cmd_queue/inst/fifo_gen_inst/inst_fifo_gen/gconvfifo.rf/grf.rf/gntv_or_sync_fifo.gl0.rd/gr1.gr1_int.rfwft/empty_fwft_i_reg) that has an active asychronous set or reset. This may cause corruption of the memory contents and/or read values when the set/reset is asserted and is not analyzed by the default static timing analysis. It is suggested to eliminate the use of a set/reset to registers driving this RAMB pin or else use a synchronous reset in which the assertion of the reset is timed by default.
Related violations: <none>

REQP-1840#37 Warning
RAMB18 async control check  
The RAMB18E1 vivado_i/toplevel_0/inst/toplevel_ocm_m_axi_U/bus_write/buff_wdata/mem_reg has an input control pin vivado_i/toplevel_0/inst/toplevel_ocm_m_axi_U/bus_write/buff_wdata/mem_reg/ADDRARDADDR[5] (net: vivado_i/toplevel_0/inst/toplevel_ocm_m_axi_U/bus_write/buff_wdata/mem_reg_i_8__0_n_3) which is driven by a register (vivado_i/axi_mem_intercon/s00_couplers/auto_pc/inst/gen_axi4_axi3.axi3_conv_inst/USE_READ.USE_SPLIT_R.read_addr_inst/USE_R_CHANNEL.cmd_queue/inst/fifo_gen_inst/inst_fifo_gen/gconvfifo.rf/grf.rf/gntv_or_sync_fifo.gl0.wr/gwss.wsts/ram_full_i_reg) that has an active asychronous set or reset. This may cause corruption of the memory contents and/or read values when the set/reset is asserted and is not analyzed by the default static timing analysis. It is suggested to eliminate the use of a set/reset to registers driving this RAMB pin or else use a synchronous reset in which the assertion of the reset is timed by default.
Related violations: <none>

REQP-1840#38 Warning
RAMB18 async control check  
The RAMB18E1 vivado_i/toplevel_0/inst/toplevel_ocm_m_axi_U/bus_write/buff_wdata/mem_reg has an input control pin vivado_i/toplevel_0/inst/toplevel_ocm_m_axi_U/bus_write/buff_wdata/mem_reg/ADDRARDADDR[5] (net: vivado_i/toplevel_0/inst/toplevel_ocm_m_axi_U/bus_write/buff_wdata/mem_reg_i_8__0_n_3) which is driven by a register (vivado_i/axi_mem_intercon/s00_couplers/auto_pc/inst/gen_axi4_axi3.axi3_conv_inst/USE_WRITE.write_addr_inst/USE_BURSTS.cmd_queue/inst/fifo_gen_inst/inst_fifo_gen/gconvfifo.rf/grf.rf/gntv_or_sync_fifo.gl0.rd/gr1.gr1_int.rfwft/empty_fwft_i_reg) that has an active asychronous set or reset. This may cause corruption of the memory contents and/or read values when the set/reset is asserted and is not analyzed by the default static timing analysis. It is suggested to eliminate the use of a set/reset to registers driving this RAMB pin or else use a synchronous reset in which the assertion of the reset is timed by default.
Related violations: <none>

REQP-1840#39 Warning
RAMB18 async control check  
The RAMB18E1 vivado_i/toplevel_0/inst/toplevel_ocm_m_axi_U/bus_write/buff_wdata/mem_reg has an input control pin vivado_i/toplevel_0/inst/toplevel_ocm_m_axi_U/bus_write/buff_wdata/mem_reg/ADDRARDADDR[5] (net: vivado_i/toplevel_0/inst/toplevel_ocm_m_axi_U/bus_write/buff_wdata/mem_reg_i_8__0_n_3) which is driven by a register (vivado_i/axi_mem_intercon/s00_couplers/auto_pc/inst/gen_axi4_axi3.axi3_conv_inst/USE_WRITE.write_addr_inst/USE_BURSTS.cmd_queue/inst/fifo_gen_inst/inst_fifo_gen/gconvfifo.rf/grf.rf/gntv_or_sync_fifo.gl0.wr/gwss.wsts/ram_full_i_reg) that has an active asychronous set or reset. This may cause corruption of the memory contents and/or read values when the set/reset is asserted and is not analyzed by the default static timing analysis. It is suggested to eliminate the use of a set/reset to registers driving this RAMB pin or else use a synchronous reset in which the assertion of the reset is timed by default.
Related violations: <none>

REQP-1840#40 Warning
RAMB18 async control check  
The RAMB18E1 vivado_i/toplevel_0/inst/toplevel_ocm_m_axi_U/bus_write/buff_wdata/mem_reg has an input control pin vivado_i/toplevel_0/inst/toplevel_ocm_m_axi_U/bus_write/buff_wdata/mem_reg/ADDRARDADDR[5] (net: vivado_i/toplevel_0/inst/toplevel_ocm_m_axi_U/bus_write/buff_wdata/mem_reg_i_8__0_n_3) which is driven by a register (vivado_i/axi_mem_intercon/s00_couplers/auto_pc/inst/gen_axi4_axi3.axi3_conv_inst/USE_WRITE.write_addr_inst/USE_B_CHANNEL.cmd_b_queue/inst/fifo_gen_inst/inst_fifo_gen/gconvfifo.rf/grf.rf/gntv_or_sync_fifo.gl0.wr/gwss.wsts/ram_full_i_reg) that has an active asychronous set or reset. This may cause corruption of the memory contents and/or read values when the set/reset is asserted and is not analyzed by the default static timing analysis. It is suggested to eliminate the use of a set/reset to registers driving this RAMB pin or else use a synchronous reset in which the assertion of the reset is timed by default.
Related violations: <none>

REQP-1840#41 Warning
RAMB18 async control check  
The RAMB18E1 vivado_i/toplevel_0/inst/toplevel_ocm_m_axi_U/bus_write/buff_wdata/mem_reg has an input control pin vivado_i/toplevel_0/inst/toplevel_ocm_m_axi_U/bus_write/buff_wdata/mem_reg/ADDRARDADDR[6] (net: vivado_i/toplevel_0/inst/toplevel_ocm_m_axi_U/bus_write/buff_wdata/rnext[1]) which is driven by a register (vivado_i/axi_mem_intercon/s00_couplers/auto_pc/inst/gen_axi4_axi3.axi3_conv_inst/USE_READ.USE_SPLIT_R.read_addr_inst/USE_R_CHANNEL.cmd_queue/inst/fifo_gen_inst/inst_fifo_gen/gconvfifo.rf/grf.rf/gntv_or_sync_fifo.gl0.rd/gr1.gr1_int.rfwft/empty_fwft_i_reg) that has an active asychronous set or reset. This may cause corruption of the memory contents and/or read values when the set/reset is asserted and is not analyzed by the default static timing analysis. It is suggested to eliminate the use of a set/reset to registers driving this RAMB pin or else use a synchronous reset in which the assertion of the reset is timed by default.
Related violations: <none>

REQP-1840#42 Warning
RAMB18 async control check  
The RAMB18E1 vivado_i/toplevel_0/inst/toplevel_ocm_m_axi_U/bus_write/buff_wdata/mem_reg has an input control pin vivado_i/toplevel_0/inst/toplevel_ocm_m_axi_U/bus_write/buff_wdata/mem_reg/ADDRARDADDR[6] (net: vivado_i/toplevel_0/inst/toplevel_ocm_m_axi_U/bus_write/buff_wdata/rnext[1]) which is driven by a register (vivado_i/axi_mem_intercon/s00_couplers/auto_pc/inst/gen_axi4_axi3.axi3_conv_inst/USE_READ.USE_SPLIT_R.read_addr_inst/USE_R_CHANNEL.cmd_queue/inst/fifo_gen_inst/inst_fifo_gen/gconvfifo.rf/grf.rf/gntv_or_sync_fifo.gl0.wr/gwss.wsts/ram_full_i_reg) that has an active asychronous set or reset. This may cause corruption of the memory contents and/or read values when the set/reset is asserted and is not analyzed by the default static timing analysis. It is suggested to eliminate the use of a set/reset to registers driving this RAMB pin or else use a synchronous reset in which the assertion of the reset is timed by default.
Related violations: <none>

REQP-1840#43 Warning
RAMB18 async control check  
The RAMB18E1 vivado_i/toplevel_0/inst/toplevel_ocm_m_axi_U/bus_write/buff_wdata/mem_reg has an input control pin vivado_i/toplevel_0/inst/toplevel_ocm_m_axi_U/bus_write/buff_wdata/mem_reg/ADDRARDADDR[6] (net: vivado_i/toplevel_0/inst/toplevel_ocm_m_axi_U/bus_write/buff_wdata/rnext[1]) which is driven by a register (vivado_i/axi_mem_intercon/s00_couplers/auto_pc/inst/gen_axi4_axi3.axi3_conv_inst/USE_WRITE.write_addr_inst/USE_BURSTS.cmd_queue/inst/fifo_gen_inst/inst_fifo_gen/gconvfifo.rf/grf.rf/gntv_or_sync_fifo.gl0.rd/gr1.gr1_int.rfwft/empty_fwft_i_reg) that has an active asychronous set or reset. This may cause corruption of the memory contents and/or read values when the set/reset is asserted and is not analyzed by the default static timing analysis. It is suggested to eliminate the use of a set/reset to registers driving this RAMB pin or else use a synchronous reset in which the assertion of the reset is timed by default.
Related violations: <none>

REQP-1840#44 Warning
RAMB18 async control check  
The RAMB18E1 vivado_i/toplevel_0/inst/toplevel_ocm_m_axi_U/bus_write/buff_wdata/mem_reg has an input control pin vivado_i/toplevel_0/inst/toplevel_ocm_m_axi_U/bus_write/buff_wdata/mem_reg/ADDRARDADDR[6] (net: vivado_i/toplevel_0/inst/toplevel_ocm_m_axi_U/bus_write/buff_wdata/rnext[1]) which is driven by a register (vivado_i/axi_mem_intercon/s00_couplers/auto_pc/inst/gen_axi4_axi3.axi3_conv_inst/USE_WRITE.write_addr_inst/USE_BURSTS.cmd_queue/inst/fifo_gen_inst/inst_fifo_gen/gconvfifo.rf/grf.rf/gntv_or_sync_fifo.gl0.wr/gwss.wsts/ram_full_i_reg) that has an active asychronous set or reset. This may cause corruption of the memory contents and/or read values when the set/reset is asserted and is not analyzed by the default static timing analysis. It is suggested to eliminate the use of a set/reset to registers driving this RAMB pin or else use a synchronous reset in which the assertion of the reset is timed by default.
Related violations: <none>

REQP-1840#45 Warning
RAMB18 async control check  
The RAMB18E1 vivado_i/toplevel_0/inst/toplevel_ocm_m_axi_U/bus_write/buff_wdata/mem_reg has an input control pin vivado_i/toplevel_0/inst/toplevel_ocm_m_axi_U/bus_write/buff_wdata/mem_reg/ADDRARDADDR[6] (net: vivado_i/toplevel_0/inst/toplevel_ocm_m_axi_U/bus_write/buff_wdata/rnext[1]) which is driven by a register (vivado_i/axi_mem_intercon/s00_couplers/auto_pc/inst/gen_axi4_axi3.axi3_conv_inst/USE_WRITE.write_addr_inst/USE_B_CHANNEL.cmd_b_queue/inst/fifo_gen_inst/inst_fifo_gen/gconvfifo.rf/grf.rf/gntv_or_sync_fifo.gl0.wr/gwss.wsts/ram_full_i_reg) that has an active asychronous set or reset. This may cause corruption of the memory contents and/or read values when the set/reset is asserted and is not analyzed by the default static timing analysis. It is suggested to eliminate the use of a set/reset to registers driving this RAMB pin or else use a synchronous reset in which the assertion of the reset is timed by default.
Related violations: <none>

REQP-1840#46 Warning
RAMB18 async control check  
The RAMB18E1 vivado_i/toplevel_0/inst/toplevel_ocm_m_axi_U/bus_write/buff_wdata/mem_reg has an input control pin vivado_i/toplevel_0/inst/toplevel_ocm_m_axi_U/bus_write/buff_wdata/mem_reg/ADDRARDADDR[7] (net: vivado_i/toplevel_0/inst/toplevel_ocm_m_axi_U/bus_write/buff_wdata/rnext[2]) which is driven by a register (vivado_i/axi_mem_intercon/s00_couplers/auto_pc/inst/gen_axi4_axi3.axi3_conv_inst/USE_READ.USE_SPLIT_R.read_addr_inst/USE_R_CHANNEL.cmd_queue/inst/fifo_gen_inst/inst_fifo_gen/gconvfifo.rf/grf.rf/gntv_or_sync_fifo.gl0.rd/gr1.gr1_int.rfwft/empty_fwft_i_reg) that has an active asychronous set or reset. This may cause corruption of the memory contents and/or read values when the set/reset is asserted and is not analyzed by the default static timing analysis. It is suggested to eliminate the use of a set/reset to registers driving this RAMB pin or else use a synchronous reset in which the assertion of the reset is timed by default.
Related violations: <none>

REQP-1840#47 Warning
RAMB18 async control check  
The RAMB18E1 vivado_i/toplevel_0/inst/toplevel_ocm_m_axi_U/bus_write/buff_wdata/mem_reg has an input control pin vivado_i/toplevel_0/inst/toplevel_ocm_m_axi_U/bus_write/buff_wdata/mem_reg/ADDRARDADDR[7] (net: vivado_i/toplevel_0/inst/toplevel_ocm_m_axi_U/bus_write/buff_wdata/rnext[2]) which is driven by a register (vivado_i/axi_mem_intercon/s00_couplers/auto_pc/inst/gen_axi4_axi3.axi3_conv_inst/USE_READ.USE_SPLIT_R.read_addr_inst/USE_R_CHANNEL.cmd_queue/inst/fifo_gen_inst/inst_fifo_gen/gconvfifo.rf/grf.rf/gntv_or_sync_fifo.gl0.wr/gwss.wsts/ram_full_i_reg) that has an active asychronous set or reset. This may cause corruption of the memory contents and/or read values when the set/reset is asserted and is not analyzed by the default static timing analysis. It is suggested to eliminate the use of a set/reset to registers driving this RAMB pin or else use a synchronous reset in which the assertion of the reset is timed by default.
Related violations: <none>

REQP-1840#48 Warning
RAMB18 async control check  
The RAMB18E1 vivado_i/toplevel_0/inst/toplevel_ocm_m_axi_U/bus_write/buff_wdata/mem_reg has an input control pin vivado_i/toplevel_0/inst/toplevel_ocm_m_axi_U/bus_write/buff_wdata/mem_reg/ADDRARDADDR[7] (net: vivado_i/toplevel_0/inst/toplevel_ocm_m_axi_U/bus_write/buff_wdata/rnext[2]) which is driven by a register (vivado_i/axi_mem_intercon/s00_couplers/auto_pc/inst/gen_axi4_axi3.axi3_conv_inst/USE_WRITE.write_addr_inst/USE_BURSTS.cmd_queue/inst/fifo_gen_inst/inst_fifo_gen/gconvfifo.rf/grf.rf/gntv_or_sync_fifo.gl0.rd/gr1.gr1_int.rfwft/empty_fwft_i_reg) that has an active asychronous set or reset. This may cause corruption of the memory contents and/or read values when the set/reset is asserted and is not analyzed by the default static timing analysis. It is suggested to eliminate the use of a set/reset to registers driving this RAMB pin or else use a synchronous reset in which the assertion of the reset is timed by default.
Related violations: <none>

REQP-1840#49 Warning
RAMB18 async control check  
The RAMB18E1 vivado_i/toplevel_0/inst/toplevel_ocm_m_axi_U/bus_write/buff_wdata/mem_reg has an input control pin vivado_i/toplevel_0/inst/toplevel_ocm_m_axi_U/bus_write/buff_wdata/mem_reg/ADDRARDADDR[7] (net: vivado_i/toplevel_0/inst/toplevel_ocm_m_axi_U/bus_write/buff_wdata/rnext[2]) which is driven by a register (vivado_i/axi_mem_intercon/s00_couplers/auto_pc/inst/gen_axi4_axi3.axi3_conv_inst/USE_WRITE.write_addr_inst/USE_BURSTS.cmd_queue/inst/fifo_gen_inst/inst_fifo_gen/gconvfifo.rf/grf.rf/gntv_or_sync_fifo.gl0.wr/gwss.wsts/ram_full_i_reg) that has an active asychronous set or reset. This may cause corruption of the memory contents and/or read values when the set/reset is asserted and is not analyzed by the default static timing analysis. It is suggested to eliminate the use of a set/reset to registers driving this RAMB pin or else use a synchronous reset in which the assertion of the reset is timed by default.
Related violations: <none>

REQP-1840#50 Warning
RAMB18 async control check  
The RAMB18E1 vivado_i/toplevel_0/inst/toplevel_ocm_m_axi_U/bus_write/buff_wdata/mem_reg has an input control pin vivado_i/toplevel_0/inst/toplevel_ocm_m_axi_U/bus_write/buff_wdata/mem_reg/ADDRARDADDR[7] (net: vivado_i/toplevel_0/inst/toplevel_ocm_m_axi_U/bus_write/buff_wdata/rnext[2]) which is driven by a register (vivado_i/axi_mem_intercon/s00_couplers/auto_pc/inst/gen_axi4_axi3.axi3_conv_inst/USE_WRITE.write_addr_inst/USE_B_CHANNEL.cmd_b_queue/inst/fifo_gen_inst/inst_fifo_gen/gconvfifo.rf/grf.rf/gntv_or_sync_fifo.gl0.wr/gwss.wsts/ram_full_i_reg) that has an active asychronous set or reset. This may cause corruption of the memory contents and/or read values when the set/reset is asserted and is not analyzed by the default static timing analysis. It is suggested to eliminate the use of a set/reset to registers driving this RAMB pin or else use a synchronous reset in which the assertion of the reset is timed by default.
Related violations: <none>

REQP-1840#51 Warning
RAMB18 async control check  
The RAMB18E1 vivado_i/toplevel_0/inst/toplevel_ocm_m_axi_U/bus_write/buff_wdata/mem_reg has an input control pin vivado_i/toplevel_0/inst/toplevel_ocm_m_axi_U/bus_write/buff_wdata/mem_reg/ADDRARDADDR[8] (net: vivado_i/toplevel_0/inst/toplevel_ocm_m_axi_U/bus_write/buff_wdata/rnext[3]) which is driven by a register (vivado_i/axi_mem_intercon/s00_couplers/auto_pc/inst/gen_axi4_axi3.axi3_conv_inst/USE_READ.USE_SPLIT_R.read_addr_inst/USE_R_CHANNEL.cmd_queue/inst/fifo_gen_inst/inst_fifo_gen/gconvfifo.rf/grf.rf/gntv_or_sync_fifo.gl0.rd/gr1.gr1_int.rfwft/empty_fwft_i_reg) that has an active asychronous set or reset. This may cause corruption of the memory contents and/or read values when the set/reset is asserted and is not analyzed by the default static timing analysis. It is suggested to eliminate the use of a set/reset to registers driving this RAMB pin or else use a synchronous reset in which the assertion of the reset is timed by default.
Related violations: <none>

REQP-1840#52 Warning
RAMB18 async control check  
The RAMB18E1 vivado_i/toplevel_0/inst/toplevel_ocm_m_axi_U/bus_write/buff_wdata/mem_reg has an input control pin vivado_i/toplevel_0/inst/toplevel_ocm_m_axi_U/bus_write/buff_wdata/mem_reg/ADDRARDADDR[8] (net: vivado_i/toplevel_0/inst/toplevel_ocm_m_axi_U/bus_write/buff_wdata/rnext[3]) which is driven by a register (vivado_i/axi_mem_intercon/s00_couplers/auto_pc/inst/gen_axi4_axi3.axi3_conv_inst/USE_READ.USE_SPLIT_R.read_addr_inst/USE_R_CHANNEL.cmd_queue/inst/fifo_gen_inst/inst_fifo_gen/gconvfifo.rf/grf.rf/gntv_or_sync_fifo.gl0.wr/gwss.wsts/ram_full_i_reg) that has an active asychronous set or reset. This may cause corruption of the memory contents and/or read values when the set/reset is asserted and is not analyzed by the default static timing analysis. It is suggested to eliminate the use of a set/reset to registers driving this RAMB pin or else use a synchronous reset in which the assertion of the reset is timed by default.
Related violations: <none>

REQP-1840#53 Warning
RAMB18 async control check  
The RAMB18E1 vivado_i/toplevel_0/inst/toplevel_ocm_m_axi_U/bus_write/buff_wdata/mem_reg has an input control pin vivado_i/toplevel_0/inst/toplevel_ocm_m_axi_U/bus_write/buff_wdata/mem_reg/ADDRARDADDR[8] (net: vivado_i/toplevel_0/inst/toplevel_ocm_m_axi_U/bus_write/buff_wdata/rnext[3]) which is driven by a register (vivado_i/axi_mem_intercon/s00_couplers/auto_pc/inst/gen_axi4_axi3.axi3_conv_inst/USE_WRITE.write_addr_inst/USE_BURSTS.cmd_queue/inst/fifo_gen_inst/inst_fifo_gen/gconvfifo.rf/grf.rf/gntv_or_sync_fifo.gl0.rd/gr1.gr1_int.rfwft/empty_fwft_i_reg) that has an active asychronous set or reset. This may cause corruption of the memory contents and/or read values when the set/reset is asserted and is not analyzed by the default static timing analysis. It is suggested to eliminate the use of a set/reset to registers driving this RAMB pin or else use a synchronous reset in which the assertion of the reset is timed by default.
Related violations: <none>

REQP-1840#54 Warning
RAMB18 async control check  
The RAMB18E1 vivado_i/toplevel_0/inst/toplevel_ocm_m_axi_U/bus_write/buff_wdata/mem_reg has an input control pin vivado_i/toplevel_0/inst/toplevel_ocm_m_axi_U/bus_write/buff_wdata/mem_reg/ADDRARDADDR[8] (net: vivado_i/toplevel_0/inst/toplevel_ocm_m_axi_U/bus_write/buff_wdata/rnext[3]) which is driven by a register (vivado_i/axi_mem_intercon/s00_couplers/auto_pc/inst/gen_axi4_axi3.axi3_conv_inst/USE_WRITE.write_addr_inst/USE_BURSTS.cmd_queue/inst/fifo_gen_inst/inst_fifo_gen/gconvfifo.rf/grf.rf/gntv_or_sync_fifo.gl0.wr/gwss.wsts/ram_full_i_reg) that has an active asychronous set or reset. This may cause corruption of the memory contents and/or read values when the set/reset is asserted and is not analyzed by the default static timing analysis. It is suggested to eliminate the use of a set/reset to registers driving this RAMB pin or else use a synchronous reset in which the assertion of the reset is timed by default.
Related violations: <none>

REQP-1840#55 Warning
RAMB18 async control check  
The RAMB18E1 vivado_i/toplevel_0/inst/toplevel_ocm_m_axi_U/bus_write/buff_wdata/mem_reg has an input control pin vivado_i/toplevel_0/inst/toplevel_ocm_m_axi_U/bus_write/buff_wdata/mem_reg/ADDRARDADDR[8] (net: vivado_i/toplevel_0/inst/toplevel_ocm_m_axi_U/bus_write/buff_wdata/rnext[3]) which is driven by a register (vivado_i/axi_mem_intercon/s00_couplers/auto_pc/inst/gen_axi4_axi3.axi3_conv_inst/USE_WRITE.write_addr_inst/USE_B_CHANNEL.cmd_b_queue/inst/fifo_gen_inst/inst_fifo_gen/gconvfifo.rf/grf.rf/gntv_or_sync_fifo.gl0.wr/gwss.wsts/ram_full_i_reg) that has an active asychronous set or reset. This may cause corruption of the memory contents and/or read values when the set/reset is asserted and is not analyzed by the default static timing analysis. It is suggested to eliminate the use of a set/reset to registers driving this RAMB pin or else use a synchronous reset in which the assertion of the reset is timed by default.
Related violations: <none>

REQP-1840#56 Warning
RAMB18 async control check  
The RAMB18E1 vivado_i/toplevel_0/inst/toplevel_ocm_m_axi_U/bus_write/buff_wdata/mem_reg has an input control pin vivado_i/toplevel_0/inst/toplevel_ocm_m_axi_U/bus_write/buff_wdata/mem_reg/ADDRARDADDR[9] (net: vivado_i/toplevel_0/inst/toplevel_ocm_m_axi_U/bus_write/buff_wdata/rnext[4]) which is driven by a register (vivado_i/axi_mem_intercon/s00_couplers/auto_pc/inst/gen_axi4_axi3.axi3_conv_inst/USE_READ.USE_SPLIT_R.read_addr_inst/USE_R_CHANNEL.cmd_queue/inst/fifo_gen_inst/inst_fifo_gen/gconvfifo.rf/grf.rf/gntv_or_sync_fifo.gl0.rd/gr1.gr1_int.rfwft/empty_fwft_i_reg) that has an active asychronous set or reset. This may cause corruption of the memory contents and/or read values when the set/reset is asserted and is not analyzed by the default static timing analysis. It is suggested to eliminate the use of a set/reset to registers driving this RAMB pin or else use a synchronous reset in which the assertion of the reset is timed by default.
Related violations: <none>

REQP-1840#57 Warning
RAMB18 async control check  
The RAMB18E1 vivado_i/toplevel_0/inst/toplevel_ocm_m_axi_U/bus_write/buff_wdata/mem_reg has an input control pin vivado_i/toplevel_0/inst/toplevel_ocm_m_axi_U/bus_write/buff_wdata/mem_reg/ADDRARDADDR[9] (net: vivado_i/toplevel_0/inst/toplevel_ocm_m_axi_U/bus_write/buff_wdata/rnext[4]) which is driven by a register (vivado_i/axi_mem_intercon/s00_couplers/auto_pc/inst/gen_axi4_axi3.axi3_conv_inst/USE_READ.USE_SPLIT_R.read_addr_inst/USE_R_CHANNEL.cmd_queue/inst/fifo_gen_inst/inst_fifo_gen/gconvfifo.rf/grf.rf/gntv_or_sync_fifo.gl0.wr/gwss.wsts/ram_full_i_reg) that has an active asychronous set or reset. This may cause corruption of the memory contents and/or read values when the set/reset is asserted and is not analyzed by the default static timing analysis. It is suggested to eliminate the use of a set/reset to registers driving this RAMB pin or else use a synchronous reset in which the assertion of the reset is timed by default.
Related violations: <none>

REQP-1840#58 Warning
RAMB18 async control check  
The RAMB18E1 vivado_i/toplevel_0/inst/toplevel_ocm_m_axi_U/bus_write/buff_wdata/mem_reg has an input control pin vivado_i/toplevel_0/inst/toplevel_ocm_m_axi_U/bus_write/buff_wdata/mem_reg/ADDRARDADDR[9] (net: vivado_i/toplevel_0/inst/toplevel_ocm_m_axi_U/bus_write/buff_wdata/rnext[4]) which is driven by a register (vivado_i/axi_mem_intercon/s00_couplers/auto_pc/inst/gen_axi4_axi3.axi3_conv_inst/USE_WRITE.write_addr_inst/USE_BURSTS.cmd_queue/inst/fifo_gen_inst/inst_fifo_gen/gconvfifo.rf/grf.rf/gntv_or_sync_fifo.gl0.rd/gr1.gr1_int.rfwft/empty_fwft_i_reg) that has an active asychronous set or reset. This may cause corruption of the memory contents and/or read values when the set/reset is asserted and is not analyzed by the default static timing analysis. It is suggested to eliminate the use of a set/reset to registers driving this RAMB pin or else use a synchronous reset in which the assertion of the reset is timed by default.
Related violations: <none>

REQP-1840#59 Warning
RAMB18 async control check  
The RAMB18E1 vivado_i/toplevel_0/inst/toplevel_ocm_m_axi_U/bus_write/buff_wdata/mem_reg has an input control pin vivado_i/toplevel_0/inst/toplevel_ocm_m_axi_U/bus_write/buff_wdata/mem_reg/ADDRARDADDR[9] (net: vivado_i/toplevel_0/inst/toplevel_ocm_m_axi_U/bus_write/buff_wdata/rnext[4]) which is driven by a register (vivado_i/axi_mem_intercon/s00_couplers/auto_pc/inst/gen_axi4_axi3.axi3_conv_inst/USE_WRITE.write_addr_inst/USE_BURSTS.cmd_queue/inst/fifo_gen_inst/inst_fifo_gen/gconvfifo.rf/grf.rf/gntv_or_sync_fifo.gl0.wr/gwss.wsts/ram_full_i_reg) that has an active asychronous set or reset. This may cause corruption of the memory contents and/or read values when the set/reset is asserted and is not analyzed by the default static timing analysis. It is suggested to eliminate the use of a set/reset to registers driving this RAMB pin or else use a synchronous reset in which the assertion of the reset is timed by default.
Related violations: <none>

REQP-1840#60 Warning
RAMB18 async control check  
The RAMB18E1 vivado_i/toplevel_0/inst/toplevel_ocm_m_axi_U/bus_write/buff_wdata/mem_reg has an input control pin vivado_i/toplevel_0/inst/toplevel_ocm_m_axi_U/bus_write/buff_wdata/mem_reg/ADDRARDADDR[9] (net: vivado_i/toplevel_0/inst/toplevel_ocm_m_axi_U/bus_write/buff_wdata/rnext[4]) which is driven by a register (vivado_i/axi_mem_intercon/s00_couplers/auto_pc/inst/gen_axi4_axi3.axi3_conv_inst/USE_WRITE.write_addr_inst/USE_B_CHANNEL.cmd_b_queue/inst/fifo_gen_inst/inst_fifo_gen/gconvfifo.rf/grf.rf/gntv_or_sync_fifo.gl0.wr/gwss.wsts/ram_full_i_reg) that has an active asychronous set or reset. This may cause corruption of the memory contents and/or read values when the set/reset is asserted and is not analyzed by the default static timing analysis. It is suggested to eliminate the use of a set/reset to registers driving this RAMB pin or else use a synchronous reset in which the assertion of the reset is timed by default.
Related violations: <none>


